<?xml version="1.0" encoding="UTF-8"?>
<testsuite xmlns:xsi="http://www.w3.org/2001/XMLSchema-instance" xsi:noNamespaceSchemaLocation="https://maven.apache.org/surefire/maven-surefire-plugin/xsd/surefire-test-report.xsd" name="com.dystopiastudios.easystory.junit.SubscriptionImplIntegrationTest" time="3.73" tests="2" errors="0" skipped="0" failures="0">
  <properties>
[...]
</properties>
  <testcase name="whenGetSubscriptionByUserIdAndSubscribedIdWithInvalidUserIdAndSubscribedIdThenReturnsResourceNotFoundException" classname="com.dystopiastudios.easystory.junit.SubscriptionImplIntegrationTest" time="1.151"/>
  <testcase name="whenGetSubscriptionByUserIdAndSubscribedIdWithValidUserIdAndSubscribedIdThenReturnsSubscription" classname="com.dystopiastudios.easystory.junit.SubscriptionImplIntegrationTest" time="0.889"/>
</testsuite>